<?xml version="1.0" encoding="UTF-8"?>
<testng-results skipped="0" failed="0" total="1" passed="1">
  <reporter-output>
  </reporter-output>
  <suite name="Suite1" duration-ms="21980" started-at="2017-09-20T08:12:50Z" finished-at="2017-09-20T08:13:12Z">
    <groups>
    </groups>
    <test name="Nopackage" duration-ms="21980" started-at="2017-09-20T08:12:50Z" finished-at="2017-09-20T08:13:12Z">
      <class name="Main">
        <test-method status="PASS" signature="SetUp()[pri:0, instance:Main@60215eee]" name="SetUp" is-config="true" duration-ms="6310" started-at="2017-09-20T11:12:50Z" finished-at="2017-09-20T11:12:56Z">
          <reporter-output>
          </reporter-output>
        </test-method> <!-- SetUp -->
        <test-method status="PASS" signature="correctLogin()[pri:0, instance:Main@60215eee]" name="correctLogin" duration-ms="15546" started-at="2017-09-20T11:12:56Z" finished-at="2017-09-20T11:13:12Z">
          <reporter-output>
          </reporter-output>
        </test-method> <!-- correctLogin -->
        <test-method status="PASS" signature="tearDown()[pri:0, instance:Main@60215eee]" name="tearDown" is-config="true" duration-ms="113" started-at="2017-09-20T11:13:12Z" finished-at="2017-09-20T11:13:12Z">
          <reporter-output>
          </reporter-output>
        </test-method> <!-- tearDown -->
      </class> <!-- Main -->
    </test> <!-- Nopackage -->
  </suite> <!-- Suite1 -->
</testng-results>
