<?xml version="1.0" encoding="UTF-8"?>
<!-- Generated by org.testng.reporters.JUnitXMLReporter -->
<testsuite hostname="MacBook-Pro-Yana.local" tests="1" failures="1" timestamp="20 Sep 2017 11:02:08 GMT" time="27.023" errors="0">
  <testcase name="correctLogin" time="20.48" classname="Main">
    <failure type="java.lang.AssertionError" message="expected [https://live.easyerp.com/#login] but found [https://live.easyerp.com/#easyErp/reportsDashboard]">
      <![CDATA[java.lang.AssertionError: expected [https://live.easyerp.com/#login] but found [https://live.easyerp.com/#easyErp/reportsDashboard]
	at Main.correctLogin(Unknown Source)
... Removed 28 stack frames]]>
    </failure>
  </testcase> <!-- correctLogin -->
</testsuite>
